<?xml version="1.0" encoding="utf-8"?><testsuites name="pytest tests"><testsuite name="pytest" errors="0" failures="0" skipped="0" tests="12" time="51.410" timestamp="2026-07-18T22:17:57.068640+00:00" hostname="agent-env-dc61a8f7-6992-4fda-a8a5-43a2dfaab1c2"><testcase classname="tests.test_etapa3" name="test_training_examples_get_default_empty" time="0.509" /><testcase classname="tests.test_etapa3" name="test_training_examples_put_and_persist" time="0.234" /><testcase classname="tests.test_etapa3" name="test_import_dx_short_excludes_procedure" time="8.385" /><testcase classname="tests.test_etapa3" name="test_import_dx_full_has_classifications" time="0.000" /><testcase classname="tests.test_etapa3" name="test_import_important_medications" time="0.000" /><testcase classname="tests.test_etapa3" name="test_import_today_entry_buckets" time="0.000" /><testcase classname="tests.test_etapa3" name="test_generate_note_piso" time="10.385" /><testcase classname="tests.test_etapa3" name="test_generate_note_uti" time="16.007" /><testcase classname="tests.test_etapa3" name="test_generate_no_changes_format" time="15.126" /><testcase classname="tests.test_etapa3" name="test_auth_me" time="0.101" /><testcase classname="tests.test_etapa3" name="test_list_patients" time="0.206" /><testcase classname="tests.test_etapa3" name="test_get_patient_by_id" time="0.355" /></testsuite></testsuites>