<?xml version="1.0" encoding="utf-8"?><testsuites name="pytest tests"><testsuite name="pytest" errors="0" failures="1" skipped="0" tests="9" time="6.940" timestamp="2026-07-18T19:53:28.304216+00:00" hostname="agent-env-dc61a8f7-6992-4fda-a8a5-43a2dfaab1c2"><testcase classname="tests.test_import_censo" name="test_import_censo_empty_docx_returns_400" time="0.633" /><testcase classname="tests.test_import_censo" name="test_import_censo_wrong_extension_returns_400" time="0.101" /><testcase classname="tests.test_import_censo" name="test_import_censo_returns_quickly_and_completes" time="2.278"><failure message="Failed: Import job failed: Error al analizar el censo con IA: Failed to generate chat completion: litellm.BadRequestError: OpenAIException - Budget has been exceeded! Current cost: 1.0136263500281333, Max budget: 1.0">backend/tests/test_import_censo.py:93: in test_import_censo_returns_quickly_and_completes
    pytest.fail(f"Import job failed: {sd.get('error')}")
E   Failed: Import job failed: Error al analizar el censo con IA: Failed to generate chat completion: litellm.BadRequestError: OpenAIException - Budget has been exceeded! Current cost: 1.0136263500281333, Max budget: 1.0</failure></testcase><testcase classname="tests.test_import_censo" name="test_import_censo_status_not_found_returns_404" time="0.123" /><testcase classname="tests.test_import_censo" name="test_history_preserved_on_discharge" time="2.747" /><testcase classname="tests.test_import_censo" name="test_login" time="0.098" /><testcase classname="tests.test_import_censo" name="test_list_patients_active" time="0.084" /><testcase classname="tests.test_import_censo" name="test_list_discharged" time="0.103" /><testcase classname="tests.test_import_censo" name="test_no_changes_endpoint_exists" time="0.139" /></testsuite></testsuites>